<?xml version="1.0" encoding="UTF-8"?>
<!-- Generated by org.testng.reporters.JUnitReportReporter -->
<testsuite hostname="DESKTOP-0H20KSF" failures="0" tests="1" name="DemoProject.RestAssuredDemo.SumValidation" time="1.169" errors="0" timestamp="2023-07-06T08:48:09 IST" skipped="0">
  <testcase classname="DemoProject.RestAssuredDemo.SumValidation" name="sumOfCourses" time="1.169"/>
</testsuite> <!-- DemoProject.RestAssuredDemo.SumValidation -->
