<?xml version="1.0" encoding="UTF-8"?>
<!-- Generated by org.testng.reporters.JUnitReportReporter -->
<testsuite hostname="DESKTOP-0H20KSF" failures="0" tests="3" name="DemoProject.RestAssuredDemo.DynamicJson" time="2.005" errors="0" timestamp="2023-07-08T21:20:30 IST" skipped="0">
  <testcase classname="DemoProject.RestAssuredDemo.DynamicJson" name="addBook" time="0.203"/>
  <testcase classname="DemoProject.RestAssuredDemo.DynamicJson" name="addBook" time="1.574"/>
  <testcase classname="DemoProject.RestAssuredDemo.DynamicJson" name="addBook" time="0.228"/>
</testsuite> <!-- DemoProject.RestAssuredDemo.DynamicJson -->
